<?xml version="1.0" encoding="UTF-8"?>
<testng-results ignored="0" total="1" passed="1" failed="0" skipped="0">
  <reporter-output>
  </reporter-output>
  <suite started-at="2026-09-17T19:26:36 IST" name="Surefire suite" finished-at="2026-09-17T19:26:43 IST" duration-ms="7471">
    <groups>
      <group name="cucumber">
        <method signature="AbstractTestNGCucumberTests.runScenario(io.cucumber.testng.PickleWrapper,io.cucumber.testng.FeatureWrapper)[pri:0, instance:com.eq.framework.runner.CucumberTestRunner@188715b5]" name="runScenario" class="io.cucumber.testng.AbstractTestNGCucumberTests"/>
      </group> <!-- cucumber -->
    </groups>
    <test started-at="2026-09-17T19:26:36 IST" name="Surefire test" finished-at="2026-09-17T19:26:43 IST" duration-ms="7471">
      <class name="com.eq.framework.runner.CucumberTestRunner">
        <test-method is-config="true" signature="setUpClass(org.testng.ITestContext)[pri:0, instance:com.eq.framework.runner.CucumberTestRunner@188715b5]" started-at="2026-09-17T19:26:36 IST" name="setUpClass" finished-at="2026-09-17T19:26:37 IST" duration-ms="1352" status="PASS">
          <params>
            <param index="0">
              <value>
                <![CDATA[org.testng.TestRunner@73d4066e]]>
              </value>
            </param>
          </params>
          <reporter-output>
          </reporter-output>
        </test-method> <!-- setUpClass -->
        <test-method signature="runScenario(io.cucumber.testng.PickleWrapper,io.cucumber.testng.FeatureWrapper)[pri:0, instance:com.eq.framework.runner.CucumberTestRunner@188715b5]" started-at="2026-09-17T19:26:37 IST" name="runScenario" description="Runs Cucumber Scenarios" data-provider="scenarios" finished-at="2026-09-17T19:26:43 IST" duration-ms="5977" status="PASS">
          <params>
            <param index="0">
              <value>
                <![CDATA["Login with a valid user"]]>
              </value>
            </param>
            <param index="1">
              <value>
                <![CDATA["Swag Labs login"]]>
              </value>
            </param>
          </params>
          <reporter-output>
          </reporter-output>
        </test-method> <!-- runScenario -->
        <test-method is-config="true" signature="tearDownClass()[pri:0, instance:com.eq.framework.runner.CucumberTestRunner@188715b5]" started-at="2026-09-17T19:26:43 IST" name="tearDownClass" finished-at="2026-09-17T19:26:43 IST" duration-ms="47" status="PASS">
          <reporter-output>
          </reporter-output>
        </test-method> <!-- tearDownClass -->
      </class> <!-- com.eq.framework.runner.CucumberTestRunner -->
    </test> <!-- Surefire test -->
  </suite> <!-- Surefire suite -->
</testng-results>
